# JRE version: OpenJDK Runtime Environment (8.0_112-b06) (build 1.8.0_112-release-b06)
# Java VM: OpenJDK 64-Bit Server VM (25.112-b06 mixed mode windows-amd64 compressed oops)
Heap:
 PSYoungGen      total 440832K, used 23788K [0x00000000e0000000, 0x00000000ffc00000, 0x0000000100000000)
  eden space 360960K, 0% used [0x00000000e0000000,0x00000000e0000000,0x00000000f6080000)
  from space 79872K, 29% used [0x00000000fae00000,0x00000000fc53b1f0,0x00000000ffc00000)
  to   space 79360K, 0% used [0x00000000f6080000,0x00000000f6080000,0x00000000fae00000)
 ParOldGen       total 220672K, used 204235K [0x00000000a0000000, 0x00000000ad780000, 0x00000000e0000000)
  object space 220672K, 92% used [0x00000000a0000000,0x00000000ac772ee0,0x00000000ad780000)
 Metaspace       used 97495K, capacity 107768K, committed 107904K, reserved 1142784K
  class space    used 12043K, capacity 13689K, committed 13696K, reserved 1048576K
GC Heap History (10 events):
Event: 18570.714 GC heap after
Heap after GC invocations=119 (full 5):
 PSYoungGen      total 437248K, used 27344K [0x00000000e0000000, 0x0000000100000000, 0x0000000100000000)
  eden space 347648K, 0% used [0x00000000e0000000,0x00000000e0000000,0x00000000f5380000)
  from space 89600K, 30% used [0x00000000fa880000,0x00000000fc334198,0x0000000100000000)
  to   space 87040K, 0% used [0x00000000f5380000,0x00000000f5380000,0x00000000fa880000)
 ParOldGen       total 220672K, used 183811K [0x00000000a0000000, 0x00000000ad780000, 0x00000000e0000000)
  object space 220672K, 83% used [0x00000000a0000000,0x00000000ab380fa8,0x00000000ad780000)
 Metaspace       used 97317K, capacity 107420K, committed 107648K, reserved 1142784K
  class space    used 12024K, capacity 13641K, committed 13696K, reserved 1048576K
}
Event: 18582.243 GC heap before
{Heap before GC invocations=120 (full 5):
 PSYoungGen      total 437248K, used 374992K [0x00000000e0000000, 0x0000000100000000, 0x0000000100000000)
  eden space 347648K, 100% used [0x00000000e0000000,0x00000000f5380000,0x00000000f5380000)
  from space 89600K, 30% used [0x00000000fa880000,0x00000000fc334198,0x0000000100000000)
  to   space 87040K, 0% used [0x00000000f5380000,0x00000000f5380000,0x00000000fa880000)
 ParOldGen       total 220672K, used 183811K [0x00000000a0000000, 0x00000000ad780000, 0x00000000e0000000)
  object space 220672K, 83% used [0x00000000a0000000,0x00000000ab380fa8,0x00000000ad780000)
 Metaspace       used 97320K, capacity 107420K, committed 107648K, reserved 1142784K
  class space    used 12024K, capacity 13641K, committed 13696K, reserved 1048576K
Event: 18582.458 GC heap after
Heap after GC invocations=120 (full 5):
 PSYoungGen      total 392192K, used 44505K [0x00000000e0000000, 0x00000000ff780000, 0x0000000100000000)
  eden space 347648K, 0% used [0x00000000e0000000,0x00000000e0000000,0x00000000f5380000)
  from space 44544K, 99% used [0x00000000f5380000,0x00000000f7ef6720,0x00000000f7f00000)
  to   space 83968K, 0% used [0x00000000fa580000,0x00000000fa580000,0x00000000ff780000)
 ParOldGen       total 220672K, used 191490K [0x00000000a0000000, 0x00000000ad780000, 0x00000000e0000000)
  object space 220672K, 86% used [0x00000000a0000000,0x00000000abb008f8,0x00000000ad780000)
 Metaspace       used 97320K, capacity 107420K, committed 107648K, reserved 1142784K
  class space    used 12024K, capacity 13641K, committed 13696K, reserved 1048576K
}
Event: 20511.740 GC heap before
{Heap before GC invocations=121 (full 5):
 PSYoungGen      total 392192K, used 392153K [0x00000000e0000000, 0x00000000ff780000, 0x0000000100000000)
  eden space 347648K, 100% used [0x00000000e0000000,0x00000000f5380000,0x00000000f5380000)
  from space 44544K, 99% used [0x00000000f5380000,0x00000000f7ef6720,0x00000000f7f00000)
  to   space 83968K, 0% used [0x00000000fa580000,0x00000000fa580000,0x00000000ff780000)
 ParOldGen       total 220672K, used 191490K [0x00000000a0000000, 0x00000000ad780000, 0x00000000e0000000)
  object space 220672K, 86% used [0x00000000a0000000,0x00000000abb008f8,0x00000000ad780000)
 Metaspace       used 97377K, capacity 107572K, committed 107648K, reserved 1142784K
  class space    used 12032K, capacity 13649K, committed 13696K, reserved 1048576K
Event: 20512.079 GC heap after
Heap after GC invocations=121 (full 5):
 PSYoungGen      total 434176K, used 29415K [0x00000000e0000000, 0x0000000100000000, 0x0000000100000000)
  eden space 350208K, 0% used [0x00000000e0000000,0x00000000e0000000,0x00000000f5600000)
  from space 83968K, 35% used [0x00000000fa580000,0x00000000fc239f80,0x00000000ff780000)
  to   space 81408K, 0% used [0x00000000f5600000,0x00000000f5600000,0x00000000fa580000)
 ParOldGen       total 220672K, used 192346K [0x00000000a0000000, 0x00000000ad780000, 0x00000000e0000000)
  object space 220672K, 87% used [0x00000000a0000000,0x00000000abbd6958,0x00000000ad780000)
 Metaspace       used 97377K, capacity 107572K, committed 107648K, reserved 1142784K
  class space    used 12032K, capacity 13649K, committed 13696K, reserved 1048576K
}
Event: 20519.354 GC heap before
{Heap before GC invocations=122 (full 5):
 PSYoungGen      total 434176K, used 379623K [0x00000000e0000000, 0x0000000100000000, 0x0000000100000000)
  eden space 350208K, 100% used [0x00000000e0000000,0x00000000f5600000,0x00000000f5600000)
  from space 83968K, 35% used [0x00000000fa580000,0x00000000fc239f80,0x00000000ff780000)
  to   space 81408K, 0% used [0x00000000f5600000,0x00000000f5600000,0x00000000fa580000)
 ParOldGen       total 220672K, used 192346K [0x00000000a0000000, 0x00000000ad780000, 0x00000000e0000000)
  object space 220672K, 87% used [0x00000000a0000000,0x00000000abbd6958,0x00000000ad780000)
 Metaspace       used 97495K, capacity 107768K, committed 107904K, reserved 1142784K
  class space    used 12043K, capacity 13689K, committed 13696K, reserved 1048576K
Event: 20519.487 GC heap after
Heap after GC invocations=122 (full 5):
 PSYoungGen      total 431616K, used 13720K [0x00000000e0000000, 0x00000000ffd80000, 0x0000000100000000)
  eden space 350208K, 0% used [0x00000000e0000000,0x00000000e0000000,0x00000000f5600000)
  from space 81408K, 16% used [0x00000000f5600000,0x00000000f63663d8,0x00000000fa580000)
  to   space 81408K, 0% used [0x00000000fae00000,0x00000000fae00000,0x00000000ffd80000)
 ParOldGen       total 220672K, used 197803K [0x00000000a0000000, 0x00000000ad780000, 0x00000000e0000000)
  object space 220672K, 89% used [0x00000000a0000000,0x00000000ac12ad50,0x00000000ad780000)
 Metaspace       used 97495K, capacity 107768K, committed 107904K, reserved 1142784K
  class space    used 12043K, capacity 13689K, committed 13696K, reserved 1048576K
}
Event: 20519.998 GC heap before
{Heap before GC invocations=123 (full 5):
 PSYoungGen      total 431616K, used 363928K [0x00000000e0000000, 0x00000000ffd80000, 0x0000000100000000)
  eden space 350208K, 100% used [0x00000000e0000000,0x00000000f5600000,0x00000000f5600000)
  from space 81408K, 16% used [0x00000000f5600000,0x00000000f63663d8,0x00000000fa580000)
  to   space 81408K, 0% used [0x00000000fae00000,0x00000000fae00000,0x00000000ffd80000)
 ParOldGen       total 220672K, used 197803K [0x00000000a0000000, 0x00000000ad780000, 0x00000000e0000000)
  object space 220672K, 89% used [0x00000000a0000000,0x00000000ac12ad50,0x00000000ad780000)
 Metaspace       used 97495K, capacity 107768K, committed 107904K, reserved 1142784K
  class space    used 12043K, capacity 13689K, committed 13696K, reserved 1048576K
Event: 20520.074 GC heap after
Heap after GC invocations=123 (full 5):
 PSYoungGen      total 440832K, used 23788K [0x00000000e0000000, 0x00000000ffc00000, 0x0000000100000000)
  eden space 360960K, 0% used [0x00000000e0000000,0x00000000e0000000,0x00000000f6080000)
  from space 79872K, 29% used [0x00000000fae00000,0x00000000fc53b1f0,0x00000000ffc00000)
  to   space 79360K, 0% used [0x00000000f6080000,0x00000000f6080000,0x00000000fae00000)
 ParOldGen       total 220672K, used 204235K [0x00000000a0000000, 0x00000000ad780000, 0x00000000e0000000)
  object space 220672K, 92% used [0x00000000a0000000,0x00000000ac772ee0,0x00000000ad780000)
 Metaspace       used 97495K, capacity 107768K, committed 107904K, reserved 1142784K
  class space    used 12043K, capacity 13689K, committed 13696K, reserved 1048576K
}
Event: 20520.074 GC heap before
{Heap before GC invocations=124 (full 6):
 PSYoungGen      total 440832K, used 23788K [0x00000000e0000000, 0x00000000ffc00000, 0x0000000100000000)
  eden space 360960K, 0% used [0x00000000e0000000,0x00000000e0000000,0x00000000f6080000)
  from space 79872K, 29% used [0x00000000fae00000,0x00000000fc53b1f0,0x00000000ffc00000)
  to   space 79360K, 0% used [0x00000000f6080000,0x00000000f6080000,0x00000000fae00000)
 ParOldGen       total 220672K, used 204235K [0x00000000a0000000, 0x00000000ad780000, 0x00000000e0000000)
  object space 220672K, 92% used [0x00000000a0000000,0x00000000ac772ee0,0x00000000ad780000)
 Metaspace       used 97495K, capacity 107768K, committed 107904K, reserved 1142784K
  class space    used 12043K, capacity 13689K, committed 13696K, reserved 1048576K

